<?xml version="1.0" encoding="UTF-8"?>
<testsuite xmlns:xsi="http://www.w3.org/2001/XMLSchema-instance" xsi:noNamespaceSchemaLocation="https://maven.apache.org/surefire/maven-surefire-plugin/xsd/surefire-test-report.xsd" name="cs5850.Assignments.Assignment1.GoogleDriveFileOperationTest" time="0.494" tests="12" errors="2" skipped="0" failures="4">
  <properties>
[...]
</properties>
  <testcase name="testaddFolder" classname="cs5850.Assignments.Assignment1.GoogleDriveFileOperationTest" time="0.395">
    <failure message="expected:&lt;[Folder ID: testID]&gt; but was:&lt;[]&gt;" type="org.junit.ComparisonFailure"><![CDATA[org.junit.ComparisonFailure: expected:<[Folder ID: testID]> but was:<[]>
	at cs5850.Assignments.Assignment1.GoogleDriveFileOperationTest.testaddFolder(GoogleDriveFileOperationTest.java:65)
]]></failure>
  </testcase>
  <testcase name="testGetFileIdNull" classname="cs5850.Assignments.Assignment1.GoogleDriveFileOperationTest" time="0.031"/>
  <testcase name="testAddExistingFilesOfDir" classname="cs5850.Assignments.Assignment1.GoogleDriveFileOperationTest" time="0"/>
  <testcase name="testDeleteFileWithException" classname="cs5850.Assignments.Assignment1.GoogleDriveFileOperationTest" time="0.015"/>
  <testcase name="testModifyFileWithIOException" classname="cs5850.Assignments.Assignment1.GoogleDriveFileOperationTest" time="0.023">
    <error message="Unexpected exception, expected&lt;java.io.IOException&gt; but was&lt;java.lang.NullPointerException&gt;" type="java.lang.Exception"><![CDATA[java.lang.Exception: Unexpected exception, expected<java.io.IOException> but was<java.lang.NullPointerException>
	at cs5850.Assignments.Assignment1.GoogleDriveFileOperationTest.testModifyFileWithIOException(GoogleDriveFileOperationTest.java:226)
]]></error>
  </testcase>
  <testcase name="testModifyFile" classname="cs5850.Assignments.Assignment1.GoogleDriveFileOperationTest" time="0"/>
  <testcase name="testModifyFileWithNullId" classname="cs5850.Assignments.Assignment1.GoogleDriveFileOperationTest" time="0">
    <failure message="Expected exception: java.lang.NullPointerException" type="java.lang.AssertionError">java.lang.AssertionError: Expected exception: java.lang.NullPointerException
</failure>
  </testcase>
  <testcase name="testGoogleDrivegdFileOp" classname="cs5850.Assignments.Assignment1.GoogleDriveFileOperationTest" time="0"/>
  <testcase name="testDeleteFile" classname="cs5850.Assignments.Assignment1.GoogleDriveFileOperationTest" time="0">
    <error message="&#10;when() requires an argument which has to be &apos;a method call on a mock&apos;.&#10;For example:&#10;    when(mock.getArticles()).thenReturn(articles);&#10;&#10;Also, this error might show up because:&#10;1. you stub either of: final/private/equals()/hashCode() methods.&#10;   Those methods *cannot* be stubbed/verified.&#10;2. inside when() you don&apos;t call method on mock but on some other object.&#10;3. the parent of the mocked class is not public.&#10;   It is a limitation of the mock engine.&#10;" type="org.mockito.exceptions.misusing.MissingMethodInvocationException">org.mockito.exceptions.misusing.MissingMethodInvocationException: 

when() requires an argument which has to be 'a method call on a mock'.
For example:
    when(mock.getArticles()).thenReturn(articles);

Also, this error might show up because:
1. you stub either of: final/private/equals()/hashCode() methods.
   Those methods *cannot* be stubbed/verified.
2. inside when() you don't call method on mock but on some other object.
3. the parent of the mocked class is not public.
   It is a limitation of the mock engine.

	at cs5850.Assignments.Assignment1.GoogleDriveFileOperationTest.testDeleteFile(GoogleDriveFileOperationTest.java:267)
</error>
  </testcase>
  <testcase name="testGetFileId" classname="cs5850.Assignments.Assignment1.GoogleDriveFileOperationTest" time="0"/>
  <testcase name="testGetFileIdIOException" classname="cs5850.Assignments.Assignment1.GoogleDriveFileOperationTest" time="0.015">
    <failure message="expected:&lt;[java.io.IOException]&gt; but was:&lt;[null]&gt;" type="org.junit.ComparisonFailure"><![CDATA[org.junit.ComparisonFailure: expected:<[java.io.IOException]> but was:<[null]>
	at cs5850.Assignments.Assignment1.GoogleDriveFileOperationTest.testGetFileIdIOException(GoogleDriveFileOperationTest.java:153)
]]></failure>
  </testcase>
  <testcase name="testAddExistingFileIOException" classname="cs5850.Assignments.Assignment1.GoogleDriveFileOperationTest" time="0">
    <failure message="Expected exception: java.io.IOException" type="java.lang.AssertionError">java.lang.AssertionError: Expected exception: java.io.IOException
</failure>
  </testcase>
</testsuite>